0 info it worked if it ends with ok
1 verbose cli [ '/usr/bin/node', '/usr/bin/npm', 'install', '-g', 'divshot-cli' ]
2 info using npm@1.4.14
3 info using node@v0.10.29
4 verbose node symlink /usr/bin/node
5 verbose cache add [ 'divshot-cli', null ]
6 verbose cache add name=undefined spec="divshot-cli" args=["divshot-cli",null]
7 verbose parsed url { protocol: null,
7 verbose parsed url   slashes: null,
7 verbose parsed url   auth: null,
7 verbose parsed url   host: null,
7 verbose parsed url   port: null,
7 verbose parsed url   hostname: null,
7 verbose parsed url   hash: null,
7 verbose parsed url   search: null,
7 verbose parsed url   query: null,
7 verbose parsed url   pathname: 'divshot-cli',
7 verbose parsed url   path: 'divshot-cli',
7 verbose parsed url   href: 'divshot-cli' }
8 silly lockFile a100e37d-divshot-cli divshot-cli
9 verbose lock divshot-cli /home/quixom/.npm/a100e37d-divshot-cli.lock
10 silly lockFile a100e37d-divshot-cli divshot-cli
11 silly lockFile a100e37d-divshot-cli divshot-cli
12 verbose addNamed [ 'divshot-cli', '' ]
13 verbose addNamed [ null, '*' ]
14 silly lockFile f57fbc2c-divshot-cli divshot-cli@
15 verbose lock divshot-cli@ /home/quixom/.npm/f57fbc2c-divshot-cli.lock
16 silly addNameRange { name: 'divshot-cli', range: '*', hasData: false }
17 verbose url raw divshot-cli
18 verbose url resolving [ 'https://registry.npmjs.org/', './divshot-cli' ]
19 verbose url resolved https://registry.npmjs.org/divshot-cli
20 info trying registry request attempt 1 at 12:20:27
21 http GET https://registry.npmjs.org/divshot-cli
22 http 200 https://registry.npmjs.org/divshot-cli
23 silly registry.get cb [ 200,
23 silly registry.get   { date: 'Thu, 26 Mar 2015 06:50:30 GMT',
23 silly registry.get     server: 'CouchDB/1.5.0 (Erlang OTP/R16B03)',
23 silly registry.get     etag: '"CVEB8Q7A0C5TDZ13P5B4A95BC"',
23 silly registry.get     'content-type': 'application/json',
23 silly registry.get     'cache-control': 'max-age=60',
23 silly registry.get     'content-length': '284416',
23 silly registry.get     'accept-ranges': 'bytes',
23 silly registry.get     via: '1.1 varnish',
23 silly registry.get     age: '1',
23 silly registry.get     'x-served-by': 'cache-sn86-SIN',
23 silly registry.get     'x-cache': 'MISS',
23 silly registry.get     'x-cache-hits': '0',
23 silly registry.get     'x-timer': 'S1427352628.817882,VS0,VE2032',
23 silly registry.get     vary: 'Accept',
23 silly registry.get     'keep-alive': 'timeout=10, max=50',
23 silly registry.get     connection: 'Keep-Alive' } ]
24 silly addNameRange number 2 { name: 'divshot-cli', range: '*', hasData: true }
25 silly addNameRange versions [ 'divshot-cli',
25 silly addNameRange   [ '0.0.2',
25 silly addNameRange     '0.0.3',
25 silly addNameRange     '0.0.4',
25 silly addNameRange     '0.0.5',
25 silly addNameRange     '0.0.6',
25 silly addNameRange     '0.0.7',
25 silly addNameRange     '0.0.8',
25 silly addNameRange     '0.0.9',
25 silly addNameRange     '0.1.1',
25 silly addNameRange     '0.2.3',
25 silly addNameRange     '0.2.6',
25 silly addNameRange     '0.2.9',
25 silly addNameRange     '0.2.10',
25 silly addNameRange     '0.2.11',
25 silly addNameRange     '0.2.13',
25 silly addNameRange     '0.3.1',
25 silly addNameRange     '0.3.2',
25 silly addNameRange     '0.3.3',
25 silly addNameRange     '0.3.4',
25 silly addNameRange     '0.3.5',
25 silly addNameRange     '0.3.6',
25 silly addNameRange     '0.3.7',
25 silly addNameRange     '0.3.9',
25 silly addNameRange     '0.3.10',
25 silly addNameRange     '0.3.11',
25 silly addNameRange     '0.4.0',
25 silly addNameRange     '0.4.1',
25 silly addNameRange     '0.4.3',
25 silly addNameRange     '0.4.4',
25 silly addNameRange     '0.4.5',
25 silly addNameRange     '0.4.6',
25 silly addNameRange     '0.4.7',
25 silly addNameRange     '0.4.8',
25 silly addNameRange     '0.5.0',
25 silly addNameRange     '0.6.0',
25 silly addNameRange     '0.6.1',
25 silly addNameRange     '0.6.2',
25 silly addNameRange     '0.6.3',
25 silly addNameRange     '0.6.4',
25 silly addNameRange     '0.6.6',
25 silly addNameRange     '0.6.7',
25 silly addNameRange     '0.6.8',
25 silly addNameRange     '0.6.9',
25 silly addNameRange     '0.6.10',
25 silly addNameRange     '0.6.11',
25 silly addNameRange     '0.6.12',
25 silly addNameRange     '0.6.13',
25 silly addNameRange     '0.7.0',
25 silly addNameRange     '0.8.0',
25 silly addNameRange     '0.8.1',
25 silly addNameRange     '0.8.2',
25 silly addNameRange     '0.8.3',
25 silly addNameRange     '0.9.0',
25 silly addNameRange     '0.9.1',
25 silly addNameRange     '0.9.2',
25 silly addNameRange     '0.9.3',
25 silly addNameRange     '0.9.4',
25 silly addNameRange     '0.9.5',
25 silly addNameRange     '0.9.6',
25 silly addNameRange     '0.9.8',
25 silly addNameRange     '0.9.9',
25 silly addNameRange     '0.9.10',
25 silly addNameRange     '0.9.11',
25 silly addNameRange     '0.9.13',
25 silly addNameRange     '0.9.14',
25 silly addNameRange     '0.10.0',
25 silly addNameRange     '0.10.1',
25 silly addNameRange     '0.11.0',
25 silly addNameRange     '0.11.1',
25 silly addNameRange     '0.11.2',
25 silly addNameRange     '0.12.0',
25 silly addNameRange     '0.12.1',
25 silly addNameRange     '0.12.2',
25 silly addNameRange     '0.12.3',
25 silly addNameRange     '0.12.4',
25 silly addNameRange     '0.14.0-rc1',
25 silly addNameRange     '0.14.2-rc1',
25 silly addNameRange     '0.14.2-rc2',
25 silly addNameRange     '0.15.0',
25 silly addNameRange     '0.15.1',
25 silly addNameRange     '0.15.2',
25 silly addNameRange     '0.15.3',
25 silly addNameRange     '0.15.4',
25 silly addNameRange     '0.15.5',
25 silly addNameRange     '0.15.6',
25 silly addNameRange     '0.15.7',
25 silly addNameRange     '0.16.0',
25 silly addNameRange     '0.16.1',
25 silly addNameRange     '0.16.2',
25 silly addNameRange     '0.16.3',
25 silly addNameRange     '0.16.4',
25 silly addNameRange     '0.16.5',
25 silly addNameRange     '0.16.6',
25 silly addNameRange     '0.16.7',
25 silly addNameRange     '0.17.0',
25 silly addNameRange     '0.18.0',
25 silly addNameRange     '0.18.1',
25 silly addNameRange     '0.18.2',
25 silly addNameRange     '1.0.0-rc2',
25 silly addNameRange     '1.0.0-rc3',
25 silly addNameRange     '1.0.0',
25 silly addNameRange     '1.0.1',
25 silly addNameRange     '1.0.2',
25 silly addNameRange     '1.0.3',
25 silly addNameRange     '1.0.4',
25 silly addNameRange     '1.0.5',
25 silly addNameRange     '1.0.6',
25 silly addNameRange     '1.0.7',
25 silly addNameRange     '1.0.8',
25 silly addNameRange     '1.0.9',
25 silly addNameRange     '1.0.10',
25 silly addNameRange     '1.1.0',
25 silly addNameRange     '1.3.0',
25 silly addNameRange     '1.3.1',
25 silly addNameRange     '1.3.2',
25 silly addNameRange     '1.3.3',
25 silly addNameRange     '1.4.0',
25 silly addNameRange     '1.4.1',
25 silly addNameRange     '1.4.2-rc1',
25 silly addNameRange     '1.4.2',
25 silly addNameRange     '1.4.3',
25 silly addNameRange     '1.4.6',
25 silly addNameRange     '1.4.7',
25 silly addNameRange     '1.5.0',
25 silly addNameRange     '1.6.0',
25 silly addNameRange     '1.7.0',
25 silly addNameRange     '1.7.1',
25 silly addNameRange     '1.7.2',
25 silly addNameRange     '1.7.3',
25 silly addNameRange     '1.8.0',
25 silly addNameRange     '1.8.1',
25 silly addNameRange     '1.9.0',
25 silly addNameRange     '1.9.1',
25 silly addNameRange     '1.10.0',
25 silly addNameRange     '1.10.1',
25 silly addNameRange     '1.10.2',
25 silly addNameRange     '1.10.3' ] ]
26 verbose addNamed [ 'divshot-cli', '1.10.3' ]
27 verbose addNamed [ '1.10.3', '1.10.3' ]
28 silly lockFile e983a17b-divshot-cli-1-10-3 divshot-cli@1.10.3
29 verbose lock divshot-cli@1.10.3 /home/quixom/.npm/e983a17b-divshot-cli-1-10-3.lock
30 silly lockFile 689db4b8-vshot-cli-divshot-cli-1-10-3-tgz https://registry.npmjs.org/divshot-cli/-/divshot-cli-1.10.3.tgz
31 verbose lock https://registry.npmjs.org/divshot-cli/-/divshot-cli-1.10.3.tgz /home/quixom/.npm/689db4b8-vshot-cli-divshot-cli-1-10-3-tgz.lock
32 verbose addRemoteTarball [ 'https://registry.npmjs.org/divshot-cli/-/divshot-cli-1.10.3.tgz',
32 verbose addRemoteTarball   'f415c7d96364ff2bb2fbe209fbed51ad35115d25' ]
33 info retry fetch attempt 1 at 12:20:37
34 verbose fetch to= /home/quixom/tmp/npm-4194-Pqs13EVs/registry.npmjs.org/divshot-cli/-/divshot-cli-1.10.3.tgz
35 http GET https://registry.npmjs.org/divshot-cli/-/divshot-cli-1.10.3.tgz
36 http 200 https://registry.npmjs.org/divshot-cli/-/divshot-cli-1.10.3.tgz
37 silly lockFile 689db4b8-vshot-cli-divshot-cli-1-10-3-tgz https://registry.npmjs.org/divshot-cli/-/divshot-cli-1.10.3.tgz
38 silly lockFile 689db4b8-vshot-cli-divshot-cli-1-10-3-tgz https://registry.npmjs.org/divshot-cli/-/divshot-cli-1.10.3.tgz
39 silly lockFile e983a17b-divshot-cli-1-10-3 divshot-cli@1.10.3
40 silly lockFile e983a17b-divshot-cli-1-10-3 divshot-cli@1.10.3
41 silly lockFile f57fbc2c-divshot-cli divshot-cli@
42 silly lockFile f57fbc2c-divshot-cli divshot-cli@
43 silly resolved [ { name: 'divshot-cli',
43 silly resolved     description: 'CLI for Divshot',
43 silly resolved     version: '1.10.3',
43 silly resolved     dependencies:
43 silly resolved      { async: '^0.9.0',
43 silly resolved        booly: '^1.0.2',
43 silly resolved        bytes: '^1.0.0',
43 silly resolved        chalk: '^1.0.0',
43 silly resolved        clone: '^1.0.0',
43 silly resolved        'copy-files': '^0.1.0',
43 silly resolved        'cozy-slug': '0.2.2',
43 silly resolved        'divshot-api': '1.3.x',
43 silly resolved        'divshot-dumper': '1.1.0',
43 silly resolved        'divshot-push': '1.4.1',
43 silly resolved        'exit-hook': '^1.1.1',
43 silly resolved        feedback: '^0.3.2',
43 silly resolved        'fs-extra': '^0.16.3',
43 silly resolved        'home-dir': '^1.0.0',
43 silly resolved        inquirer: '^0.8.0',
43 silly resolved        'join-path': '^1.0.0',
43 silly resolved        jsonlint: '^1.6.2',
43 silly resolved        lodash: '^2.4.1',
43 silly resolved        marked: '^0.3.2',
43 silly resolved        'marked-terminal': '^1.1.1',
43 silly resolved        'mime-types': '^2.0.2',
43 silly resolved        mkdirp: '0.5.x',
43 silly resolved        moment: '^2.8.3',
43 silly resolved        nash: '0.3.x',
43 silly resolved        open: '0.0.5',
43 silly resolved        pluralize: '^1.0.3',
43 silly resolved        'pretty-print': '^1.0.0',
43 silly resolved        progress: '^1.1.8',
43 silly resolved        promptly: '^0.2.0',
43 silly resolved        read: '^1.0.5',
43 silly resolved        regular: '^0.1.6',
43 silly resolved        request: '^2.44.0',
43 silly resolved        sizer: '^0.1.1',
43 silly resolved        slash: '^1.0.0',
43 silly resolved        superstatic: '1.2.1',
43 silly resolved        touch: '0.0.3',
43 silly resolved        'update-notifier': '^0.2.2',
43 silly resolved        writestreamp: '^0.1.0' },
43 silly resolved     devDependencies: { jshint: '~2.6.0' },
43 silly resolved     scripts: { test: 'mocha --recursive --reporter spec ./test' },
43 silly resolved     author: { name: 'Divshot' },
43 silly resolved     homepage: 'http://divshot.com',
43 silly resolved     repository:
43 silly resolved      { type: 'git',
43 silly resolved        url: 'https://github.com/divshot/divshot-cli.git' },
43 silly resolved     bugs: { url: 'https://github.com/divshot/divshot-cli/issues' },
43 silly resolved     keywords: [ 'divshot', 'hosting', 'static' ],
43 silly resolved     preferGlobal: 'true',
43 silly resolved     bin: { divshot: 'bin/divshot.js' },
43 silly resolved     main: 'bin/divshot.js',
43 silly resolved     gitHead: 'f2c59df60f9e46c253ec93a2dc8943a055e46a41',
43 silly resolved     _id: 'divshot-cli@1.10.3',
43 silly resolved     _shasum: 'f415c7d96364ff2bb2fbe209fbed51ad35115d25',
43 silly resolved     _from: 'divshot-cli@',
43 silly resolved     _npmVersion: '2.5.1',
43 silly resolved     _nodeVersion: '0.12.0',
43 silly resolved     _npmUser: { name: 'scottcorgan', email: 'scottcorgan@gmail.com' },
43 silly resolved     maintainers: [ [Object], [Object] ],
43 silly resolved     dist:
43 silly resolved      { shasum: 'f415c7d96364ff2bb2fbe209fbed51ad35115d25',
43 silly resolved        tarball: 'http://registry.npmjs.org/divshot-cli/-/divshot-cli-1.10.3.tgz' },
43 silly resolved     directories: {},
43 silly resolved     _resolved: 'https://registry.npmjs.org/divshot-cli/-/divshot-cli-1.10.3.tgz' } ]
44 info install divshot-cli@1.10.3 into /usr/lib
45 info installOne divshot-cli@1.10.3
46 info /usr/lib/node_modules/divshot-cli unbuild
47 verbose tar unpack /home/quixom/.npm/divshot-cli/1.10.3/package.tgz
48 silly lockFile 2901f13e-usr-lib-node-modules-divshot-cli tar:///usr/lib/node_modules/divshot-cli
49 verbose lock tar:///usr/lib/node_modules/divshot-cli /home/quixom/.npm/2901f13e-usr-lib-node-modules-divshot-cli.lock
50 silly lockFile a0478d73-m-divshot-cli-1-10-3-package-tgz tar:///home/quixom/.npm/divshot-cli/1.10.3/package.tgz
51 verbose lock tar:///home/quixom/.npm/divshot-cli/1.10.3/package.tgz /home/quixom/.npm/a0478d73-m-divshot-cli-1-10-3-package-tgz.lock
52 silly gunzTarPerm modes [ '755', '644' ]
53 error Error: EACCES, mkdir '/usr/lib/node_modules/divshot-cli'
53 error  { [Error: EACCES, mkdir '/usr/lib/node_modules/divshot-cli']
53 error   errno: 3,
53 error   code: 'EACCES',
53 error   path: '/usr/lib/node_modules/divshot-cli',
53 error   fstream_type: 'Directory',
53 error   fstream_path: '/usr/lib/node_modules/divshot-cli',
53 error   fstream_class: 'DirWriter',
53 error   fstream_stack:
53 error    [ '/usr/lib/node_modules/npm/node_modules/fstream/lib/dir-writer.js:36:23',
53 error      '/usr/lib/node_modules/npm/node_modules/mkdirp/index.js:37:53',
53 error      'Object.oncomplete (fs.js:107:15)' ] }
54 error Please try running this command again as root/Administrator.
55 error System Linux 3.11.0-12-generic
56 error command "/usr/bin/node" "/usr/bin/npm" "install" "-g" "divshot-cli"
57 error cwd /home/quixom/git_prjs/fabric_paint
58 error node -v v0.10.29
59 error npm -v 1.4.14
60 error path /usr/lib/node_modules/divshot-cli
61 error fstream_path /usr/lib/node_modules/divshot-cli
62 error fstream_type Directory
63 error fstream_class DirWriter
64 error code EACCES
65 error errno 3
66 error stack Error: EACCES, mkdir '/usr/lib/node_modules/divshot-cli'
67 error fstream_stack /usr/lib/node_modules/npm/node_modules/fstream/lib/dir-writer.js:36:23
67 error fstream_stack /usr/lib/node_modules/npm/node_modules/mkdirp/index.js:37:53
67 error fstream_stack Object.oncomplete (fs.js:107:15)
68 verbose exit [ 3, true ]
